<?xml version="1.0" encoding="UTF-8"?>
<!-- Generated by org.testng.reporters.JUnitXMLReporter -->
<testsuite ignored="0" hostname="DESKTOP-5RK9T99" failures="0" tests="8" name="Regression Test" time="69.907" errors="0" timestamp="2023-08-05T11:17:54 NPT">
  <testcase classname="com.cabtm.tests.LoginTest" name="testLoginAndWelcomeMessage" time="5.09"/>
  <testcase classname="com.cabtm.tests.DashboardPageTest" name="testVerifySystemDashboardSections" time="3.467"/>
  <testcase classname="com.cabtm.tests.DataDrivenLoginTest" name="testLoginAndWelcomeMessage" time="3.416"/>
  <testcase classname="com.cabtm.tests.DataDrivenLoginTest" name="testLoginAndWelcomeMessage" time="2.486"/>
  <testcase classname="com.cabtm.tests.DataDrivenLoginTest" name="testLoginAndWelcomeMessage" time="2.749"/>
  <testcase classname="com.cabtm.tests.DataDrivenLoginTest" name="testLoginAndWelcomeMessage" time="2.878"/>
  <testcase classname="com.cabtm.tests.DataDrivenLoginTest" name="testLoginAndWelcomeMessage" time="2.545"/>
  <testcase classname="com.cabtm.tests.DataDrivenLoginTest" name="testLoginAndWelcomeMessage" time="2.353"/>
</testsuite> <!-- Regression Test -->
