<?xml version="1.0" encoding="UTF-8"?>
<testng-results ignored="0" total="1" passed="1" failed="0" skipped="0">
  <reporter-output>
  </reporter-output>
  <suite started-at="2023-07-30T19:10:52 NPT" name="Surefire suite" finished-at="2023-07-30T19:11:04 NPT" duration-ms="12133">
    <groups>
    </groups>
    <test started-at="2023-07-30T19:10:52 NPT" name="Surefire test" finished-at="2023-07-30T19:11:04 NPT" duration-ms="12133">
      <class name="com.cabtm.tests.DashboardTest">
        <test-method is-config="true" signature="setUp()[pri:0, instance:com.cabtm.tests.DashboardTest@6e509ffa]" started-at="2023-07-30T19:10:52 NPT" name="setUp" finished-at="2023-07-30T19:10:56 NPT" duration-ms="3779" status="PASS">
          <reporter-output>
          </reporter-output>
        </test-method> <!-- setUp -->
        <test-method is-config="true" signature="setUpTestData()[pri:0, instance:com.cabtm.tests.DashboardTest@6e509ffa]" started-at="2023-07-30T19:10:56 NPT" name="setUpTestData" finished-at="2023-07-30T19:10:56 NPT" duration-ms="1" status="PASS">
          <reporter-output>
          </reporter-output>
        </test-method> <!-- setUpTestData -->
        <test-method signature="testLoginAndWelcomeMessage()[pri:0, instance:com.cabtm.tests.DashboardTest@6e509ffa]" started-at="2023-07-30T19:10:56 NPT" name="testLoginAndWelcomeMessage" finished-at="2023-07-30T19:11:01 NPT" duration-ms="4816" status="PASS">
          <reporter-output>
          </reporter-output>
        </test-method> <!-- testLoginAndWelcomeMessage -->
        <test-method is-config="true" signature="tearDown()[pri:0, instance:com.cabtm.tests.DashboardTest@6e509ffa]" started-at="2023-07-30T19:11:01 NPT" name="tearDown" finished-at="2023-07-30T19:11:04 NPT" duration-ms="3507" status="PASS">
          <reporter-output>
          </reporter-output>
        </test-method> <!-- tearDown -->
      </class> <!-- com.cabtm.tests.DashboardTest -->
    </test> <!-- Surefire test -->
  </suite> <!-- Surefire suite -->
</testng-results>
