<?xml version="1.0" encoding="UTF-8"?>
<testsuite xmlns:xsi="http://www.w3.org/2001/XMLSchema-instance" xsi:noNamespaceSchemaLocation="https://maven.apache.org/surefire/maven-surefire-plugin/xsd/surefire-test-report-3.0.xsd" version="3.0" name="TestSuite" time="12.538" tests="1" errors="0" skipped="0" failures="0">
  <properties>
[...]
</properties>
  <testcase name="testLoginAndWelcomeMessage" classname="com.cabtm.tests.DashboardTest" time="4.817">
    <system-err><![CDATA[1690723552983	geckodriver	INFO	Listening on 127.0.0.1:6915
1690723553221	mozrunner::runner	INFO	Running command: "C:\\Program Files\\Mozilla Firefox\\firefox.exe" "--marionette" "-no-remote" "-profile" "C:\\Users\\USER\\AppData\\Local\\Temp\\rust_mozprofile16n0DI"
console.warn: services.settings: Ignoring preference override of remote settings server
console.warn: services.settings: Allow by setting MOZ_REMOTE_SETTINGS_DEVTOOLS=1 in the environment
1690723553838	Marionette	INFO	Marionette enabled
Dynamically enable window occlusion 0
1690723553914	Marionette	INFO	Listening on port 7198
Read port: 7198
1690723554314	RemoteAgent	WARN	TLS certificate errors will be ignored for this session
Jul 30, 2023 7:10:55 PM org.openqa.selenium.remote.ProtocolHandshake createSession
INFO: Detected dialect: W3C
console.error: (new TypeError("linkMap is undefined", "resource://gre/modules/NewTabUtils.sys.mjs", 2003))
console.warn: LoginRecipes: "Falling back to a synchronous message for: https://dev.bbnadmin.cabtm.com."
console.warn: LoginRecipes: "Falling back to a synchronous message for: https://dev.bbnadmin.cabtm.com."
]]></system-err>
  </testcase>
</testsuite>