<?xml version="1.0" encoding="UTF-8"?>
<testng-results ignored="0" total="1" passed="1" failed="0" skipped="0">
  <reporter-output>
  </reporter-output>
  <suite started-at="2023-07-29T02:42:57 NPT" name="Default suite" finished-at="2023-07-29T02:43:06 NPT" duration-ms="8724">
    <groups>
    </groups>
    <test started-at="2023-07-29T02:42:57 NPT" name="Default test" finished-at="2023-07-29T02:43:06 NPT" duration-ms="8724">
      <class name="com.cabtm.tests.DashboardTest">
        <test-method is-config="true" signature="setUp()[pri:0, instance:com.cabtm.tests.DashboardTest@67c33749]" started-at="2023-07-29T02:42:57 NPT" name="setUp" finished-at="2023-07-29T02:43:00 NPT" duration-ms="2761" status="PASS">
          <reporter-output>
          </reporter-output>
        </test-method> <!-- setUp -->
        <test-method signature="testLoginAndWelcomeMessage()[pri:0, instance:com.cabtm.tests.DashboardTest@67c33749]" started-at="2023-07-29T02:43:00 NPT" name="testLoginAndWelcomeMessage" finished-at="2023-07-29T02:43:05 NPT" duration-ms="4843" status="PASS">
          <reporter-output>
          </reporter-output>
        </test-method> <!-- testLoginAndWelcomeMessage -->
        <test-method is-config="true" signature="tearDown()[pri:0, instance:com.cabtm.tests.DashboardTest@67c33749]" started-at="2023-07-29T02:43:05 NPT" name="tearDown" finished-at="2023-07-29T02:43:06 NPT" duration-ms="1083" status="PASS">
          <reporter-output>
          </reporter-output>
        </test-method> <!-- tearDown -->
      </class> <!-- com.cabtm.tests.DashboardTest -->
    </test> <!-- Default test -->
  </suite> <!-- Default suite -->
</testng-results>
