<?xml version="1.0" encoding="UTF-8"?>
<testng-results ignored="0" total="1" passed="1" failed="0" skipped="0">
  <reporter-output>
  </reporter-output>
  <suite started-at="2023-07-29T15:58:31 NPT" name="Default suite" finished-at="2023-07-29T15:58:41 NPT" duration-ms="9903">
    <groups>
    </groups>
    <test started-at="2023-07-29T15:58:31 NPT" name="Default test" finished-at="2023-07-29T15:58:41 NPT" duration-ms="9903">
      <class name="com.cabtm.tests.DashboardTest">
        <test-method is-config="true" signature="setUp()[pri:0, instance:com.cabtm.tests.DashboardTest@67c33749]" started-at="2023-07-29T15:58:31 NPT" name="setUp" finished-at="2023-07-29T15:58:34 NPT" duration-ms="2611" status="PASS">
          <reporter-output>
          </reporter-output>
        </test-method> <!-- setUp -->
        <test-method signature="testLoginAndWelcomeMessage()[pri:0, instance:com.cabtm.tests.DashboardTest@67c33749]" started-at="2023-07-29T15:58:34 NPT" name="testLoginAndWelcomeMessage" finished-at="2023-07-29T15:58:40 NPT" duration-ms="5878" status="PASS">
          <reporter-output>
          </reporter-output>
        </test-method> <!-- testLoginAndWelcomeMessage -->
        <test-method is-config="true" signature="tearDown()[pri:0, instance:com.cabtm.tests.DashboardTest@67c33749]" started-at="2023-07-29T15:58:40 NPT" name="tearDown" finished-at="2023-07-29T15:58:41 NPT" duration-ms="1384" status="PASS">
          <reporter-output>
          </reporter-output>
        </test-method> <!-- tearDown -->
      </class> <!-- com.cabtm.tests.DashboardTest -->
    </test> <!-- Default test -->
  </suite> <!-- Default suite -->
</testng-results>
