<?xml version="1.0" encoding="UTF-8"?>
<!-- Generated by org.testng.reporters.JUnitXMLReporter -->
<testsuite ignored="0" hostname="DESKTOP-5RK9T99" failures="0" tests="2" name="Surefire test" time="14.69" errors="0" timestamp="2023-08-01T14:44:45 NPT">
  <testcase classname="com.cabtm.tests.DashboardPageTest" name="testVerifySystemDashboardSections" time="2.873"/>
  <testcase classname="com.cabtm.tests.DashboardTest" name="testLoginAndWelcomeMessage" time="2.77"/>
</testsuite> <!-- Surefire test -->
