<?xml version="1.0" encoding="UTF-8"?>
<!-- Generated by org.testng.reporters.JUnitXMLReporter -->
<testsuite ignored="0" hostname="DESKTOP-5RK9T99" failures="0" tests="6" name="Default test" time="50.304" errors="0" timestamp="2023-08-05T11:30:01 NPT">
  <testcase classname="com.cabtm.tests.DataDrivenLoginTest" name="testLoginAndWelcomeMessage" time="3.058"/>
  <testcase classname="com.cabtm.tests.DataDrivenLoginTest" name="testLoginAndWelcomeMessage" time="2.785"/>
  <testcase classname="com.cabtm.tests.DataDrivenLoginTest" name="testLoginAndWelcomeMessage" time="4.564"/>
  <testcase classname="com.cabtm.tests.DataDrivenLoginTest" name="testLoginAndWelcomeMessage" time="3.856"/>
  <testcase classname="com.cabtm.tests.DataDrivenLoginTest" name="testLoginAndWelcomeMessage" time="3.87"/>
  <testcase classname="com.cabtm.tests.DataDrivenLoginTest" name="testLoginAndWelcomeMessage" time="4.076"/>
</testsuite> <!-- Default test -->
