<?xml version="1.0" encoding="UTF-8"?>
<!-- Generated by org.testng.reporters.JUnitXMLReporter -->
<testsuite hostname="DESKTOP-5RK9T99" ignored="0" name="Command line test" tests="1" failures="0" timestamp="2023-07-29T15:36:23 NPT" time="0.045" errors="0">
  <testcase name="@BeforeClass setUp" time="0.013" classname="com.cabtm.tests.BaseTest">
    <failure type="java.lang.IllegalArgumentException" message="Browser choice cannot be null.">
      <![CDATA[java.lang.IllegalArgumentException: Browser choice cannot be null.
at com.cabtm.ConfigFileReader$BrowserChoice.fromString(ConfigFileReader.java:31)
at com.cabtm.ConfigFileReader.getBrowserChoice(ConfigFileReader.java:23)
at com.cabtm.tests.BaseTest.setUp(BaseTest.java:22)
at java.util.ArrayList.forEach(ArrayList.java:1259)
... Removed 35 stack frames]]>
    </failure>
  </testcase> <!-- @BeforeClass setUp -->
  <testcase name="@AfterClass tearDown" time="-1.690624283217E9" classname="com.cabtm.tests.BaseTest">
    <skipped/>
  </testcase> <!-- @AfterClass tearDown -->
  <testcase name="testLoginAndWelcomeMessage" time="0.0" classname="com.cabtm.tests.DashboardTest">
    <skipped/>
  </testcase> <!-- testLoginAndWelcomeMessage -->
</testsuite> <!-- Command line test -->
