<?xml version="1.0" encoding="UTF-8"?>
<!-- Generated by org.testng.reporters.JUnitXMLReporter -->
<testsuite ignored="0" hostname="DESKTOP-5RK9T99" failures="0" tests="2" name="Regression Test" time="16.348" errors="0" timestamp="2023-08-01T15:23:54 NPT">
  <testcase classname="com.cabtm.tests.DashboardTest" name="testLoginAndWelcomeMessage" time="3.99"/>
  <testcase classname="com.cabtm.tests.DashboardPageTest" name="testVerifySystemDashboardSections" time="4.25"/>
</testsuite> <!-- Regression Test -->
