<?xml version="1.0" encoding="UTF-8"?>
<!-- Generated by org.testng.reporters.JUnitXMLReporter -->
<testsuite ignored="0" hostname="DESKTOP-5RK9T99" failures="0" tests="2" name="Regression Test" time="14.819" errors="0" timestamp="2023-08-01T18:53:51 NPT">
  <testcase classname="com.cabtm.tests.LoginTest" name="testLoginAndWelcomeMessage" time="2.903"/>
  <testcase classname="com.cabtm.tests.DashboardPageTest" name="testVerifySystemDashboardSections" time="3.424"/>
</testsuite> <!-- Regression Test -->
