<?xml version="1.0" encoding="UTF-8"?>
<testng-results ignored="0" total="2" passed="2" failed="0" skipped="0">
  <reporter-output>
  </reporter-output>
  <suite started-at="2023-08-01T18:53:37 NPT" name="Cabtm Dashboard Test Suite" finished-at="2023-08-01T18:53:51 NPT" duration-ms="14819">
    <groups>
    </groups>
    <test started-at="2023-08-01T18:53:37 NPT" name="Regression Test" finished-at="2023-08-01T18:53:51 NPT" duration-ms="14819">
      <class name="com.cabtm.tests.LoginTest">
        <test-method is-config="true" signature="setUp()[pri:0, instance:com.cabtm.tests.LoginTest@7daa0fbd]" started-at="2023-08-01T18:53:37 NPT" name="setUp" finished-at="2023-08-01T18:53:40 NPT" duration-ms="2976" status="PASS">
          <reporter-output>
          </reporter-output>
        </test-method> <!-- setUp -->
        <test-method signature="testLoginAndWelcomeMessage()[pri:0, instance:com.cabtm.tests.LoginTest@7daa0fbd]" started-at="2023-08-01T18:53:40 NPT" name="testLoginAndWelcomeMessage" finished-at="2023-08-01T18:53:42 NPT" duration-ms="2903" status="PASS">
          <reporter-output>
          </reporter-output>
        </test-method> <!-- testLoginAndWelcomeMessage -->
        <test-method is-config="true" signature="tearDown()[pri:0, instance:com.cabtm.tests.LoginTest@7daa0fbd]" started-at="2023-08-01T18:53:42 NPT" name="tearDown" finished-at="2023-08-01T18:53:44 NPT" duration-ms="1294" status="PASS">
          <reporter-output>
          </reporter-output>
        </test-method> <!-- tearDown -->
      </class> <!-- com.cabtm.tests.LoginTest -->
      <class name="com.cabtm.tests.DashboardPageTest">
        <test-method is-config="true" signature="setUp()[pri:0, instance:com.cabtm.tests.DashboardPageTest@5ef5c734]" started-at="2023-08-01T18:53:44 NPT" name="setUp" finished-at="2023-08-01T18:53:46 NPT" duration-ms="2712" status="PASS">
          <reporter-output>
          </reporter-output>
        </test-method> <!-- setUp -->
        <test-method signature="testVerifySystemDashboardSections()[pri:0, instance:com.cabtm.tests.DashboardPageTest@5ef5c734]" started-at="2023-08-01T18:53:46 NPT" name="testVerifySystemDashboardSections" finished-at="2023-08-01T18:53:50 NPT" duration-ms="3424" status="PASS">
          <reporter-output>
          </reporter-output>
        </test-method> <!-- testVerifySystemDashboardSections -->
        <test-method is-config="true" signature="tearDown()[pri:0, instance:com.cabtm.tests.DashboardPageTest@5ef5c734]" started-at="2023-08-01T18:53:50 NPT" name="tearDown" finished-at="2023-08-01T18:53:51 NPT" duration-ms="1482" status="PASS">
          <reporter-output>
          </reporter-output>
        </test-method> <!-- tearDown -->
      </class> <!-- com.cabtm.tests.DashboardPageTest -->
    </test> <!-- Regression Test -->
  </suite> <!-- Cabtm Dashboard Test Suite -->
</testng-results>
